
> siaiein-website@0.1.0 build
> next build

Γû▓ Next.js 16.1.6 (Turbopack)

  Creating an optimized production build ...
Error: Could not resolve value for theme function: `theme(colors.background)`. Consider checking if the path is correct or provide a fallback value to silence this error.
    [at Object.So [as theme] (C:\Users\Tharun Rachabanti\KGSolutions\PERSONAL\SIAIEIN\SIAIEIN_WEBSITE\node_modules\tailwindcss\dist\lib.js:13:5816)]
    [at C:\Users\Tharun Rachabanti\KGSolutions\PERSONAL\SIAIEIN\SIAIEIN_WEBSITE\node_modules\tailwindcss\dist\lib.js:13:6497]
    [at Pr (C:\Users\Tharun Rachabanti\KGSolutions\PERSONAL\SIAIEIN\SIAIEIN_WEBSITE\node_modules\tailwindcss\dist\lib.js:3:1733)]
    [at _ (C:\Users\Tharun Rachabanti\KGSolutions\PERSONAL\SIAIEIN\SIAIEIN_WEBSITE\node_modules\tailwindcss\dist\lib.js:3:1377)]
    [at ii (C:\Users\Tharun Rachabanti\KGSolutions\PERSONAL\SIAIEIN\SIAIEIN_WEBSITE\node_modules\tailwindcss\dist\lib.js:13:6389)]
    [at C:\Users\Tharun Rachabanti\KGSolutions\PERSONAL\SIAIEIN\SIAIEIN_WEBSITE\node_modules\tailwindcss\dist\lib.js:13:6161]
    [at Pr (C:\Users\Tharun Rachabanti\KGSolutions\PERSONAL\SIAIEIN\SIAIEIN_WEBSITE\node_modules\tailwindcss\dist\lib.js:3:1733)]
    [at _ (C:\Users\Tharun Rachabanti\KGSolutions\PERSONAL\SIAIEIN\SIAIEIN_WEBSITE\node_modules\tailwindcss\dist\lib.js:3:1377)]
    [at Fe (C:\Users\Tharun Rachabanti\KGSolutions\PERSONAL\SIAIEIN\SIAIEIN_WEBSITE\node_modules\tailwindcss\dist\lib.js:13:6086)]
    [at pn (C:\Users\Tharun Rachabanti\KGSolutions\PERSONAL\SIAIEIN\SIAIEIN_WEBSITE\node_modules\tailwindcss\dist\lib.js:38:283)]

> Build error occurred
Error: Turbopack build failed with 1 errors:
./src/app/globals.css
Error evaluating Node.js code
CssSyntaxError: tailwindcss: C:\Users\Tharun Rachabanti\KGSolutions\PERSONAL\SIAIEIN\SIAIEIN_WEBSITE\src\app\globals.css:1:1: Could not resolve value for theme function: `theme(colors.background)`. Consider checking if the path is correct or provide a fallback value to silence this error.
    at Input.error (node_modules/postcss/lib/input.js:135:16) [C:\Users\Tharun Rachabanti\KGSolutions\PERSONAL\SIAIEIN\SIAIEIN_WEBSITE\.next\build\chunks\node_modules_fe693df6._.js:4651:22]
    at Root.error (node_modules/postcss/lib/node.js:146:32) [C:\Users\Tharun Rachabanti\KGSolutions\PERSONAL\SIAIEIN\SIAIEIN_WEBSITE\.next\build\chunks\node_modules_fe693df6._.js:928:38]
    [at Object.Once (C:\Users\Tharun Rachabanti\KGSolutions\PERSONAL\SIAIEIN\SIAIEIN_WEBSITE\node_modules\@tailwindcss\postcss\dist\index.js:10:6913)]
    [at process.processTicksAndRejections (node:internal/process/task_queues:103:5)]
    at async LazyResult.runAsync (node_modules/postcss/lib/lazy-result.js:293:11) [C:\Users\Tharun Rachabanti\KGSolutions\PERSONAL\SIAIEIN\SIAIEIN_WEBSITE\.next\build\chunks\node_modules_fe693df6._.js:6214:21]
    at async transform (turbopack:///[turbopack-node]/transforms/postcss.ts:70:34) [C:\Users\Tharun Rachabanti\KGSolutions\PERSONAL\SIAIEIN\SIAIEIN_WEBSITE\.next\build\chunks\[root-of-the-server]__51225daf._.js:146:36]
    at async run (turbopack:///[turbopack-node]/ipc/evaluate.ts:92:23) [C:\Users\Tharun Rachabanti\KGSolutions\PERSONAL\SIAIEIN\SIAIEIN_WEBSITE\.next\build\chunks\[root-of-the-server]__974941ed._.js:443:31]

Import trace:
  Client Component Browser:
    ./src/app/globals.css [Client Component Browser]
    ./src/app/layout.tsx [Server Component]


    at async transform (turbopack:///[turbopack-node]/transforms/postcss.ts:70:34) [C:\Users\Tharun Rachabanti\KGSolutions\PERSONAL\SIAIEIN\SIAIEIN_WEBSITE\.next\build\chunks\[root-of-the-server]__51225daf._.js:146:36])
    at async run (turbopack:///[turbopack-node]/ipc/evaluate.ts:92:23) [C:\Users\Tharun Rachabanti\KGSolutions\PERSONAL\SIAIEIN\SIAIEIN_WEBSITE\.next\build\chunks\[root-of-the-server]__974941ed._.js:443:31])
